app/build/intermediates/manifest_merge_blame_file/debug/manifest-merger-blame-debug-report.txt
1<?xml version="1.0" encoding="utf-8"?>
2<manifest xmlns:android="http://schemas.android.com/apk/res/android"
3    package="com.cuongtd.camerax"
4    android:versionCode="1"
5    android:versionName="1.0" >
6
7    <uses-sdk
8        android:minSdkVersion="21"
8-->src/main/AndroidManifest.xml
9        android:targetSdkVersion="30" />
9-->src/main/AndroidManifest.xml
10
11    <uses-feature android:name="android.hardware.camera.any" />
11-->src/main/AndroidManifest.xml:5:5-64
11-->src/main/AndroidManifest.xml:5:19-61
12
13    <uses-permission android:name="android.permission.CAMERA" />
13-->src/main/AndroidManifest.xml:7:5-65
13-->src/main/AndroidManifest.xml:7:22-62
14    <uses-permission android:name="android.permission.RECORD_AUDIO" />
14-->src/main/AndroidManifest.xml:8:5-71
14-->src/main/AndroidManifest.xml:8:22-68
15    <uses-permission android:name="android.permission.WRITE_EXTERNAL_STORAGE" />
15-->src/main/AndroidManifest.xml:9:5-81
15-->src/main/AndroidManifest.xml:9:22-78
16    <uses-permission android:name="android.permission.READ_EXTERNAL_STORAGE" />
16-->src/main/AndroidManifest.xml:10:5-80
16-->src/main/AndroidManifest.xml:10:22-77
17
18    <queries>
18-->[androidx.camera:camera-extensions:1.0.0-alpha23] AndroidManifest.xml:24:5-28:15
19        <intent>
19-->[androidx.camera:camera-extensions:1.0.0-alpha23] AndroidManifest.xml:25:9-27:18
20            <action android:name="androidx.camera.extensions.action.VENDOR_ACTION" />
20-->[androidx.camera:camera-extensions:1.0.0-alpha23] AndroidManifest.xml:26:13-86
20-->[androidx.camera:camera-extensions:1.0.0-alpha23] AndroidManifest.xml:26:21-83
21        </intent>
22    </queries>
23
24    <application
24-->src/main/AndroidManifest.xml:12:5-30:19
25        android:allowBackup="true"
25-->src/main/AndroidManifest.xml:13:9-35
26        android:appComponentFactory="androidx.core.app.CoreComponentFactory"
26-->[androidx.core:core:1.5.0-beta01] AndroidManifest.xml:24:18-86
27        android:debuggable="true"
28        android:icon="@mipmap/ic_launcher"
28-->src/main/AndroidManifest.xml:14:9-43
29        android:label="@string/app_name"
29-->src/main/AndroidManifest.xml:15:9-41
30        android:roundIcon="@mipmap/ic_launcher_round"
30-->src/main/AndroidManifest.xml:16:9-54
31        android:supportsRtl="true"
31-->src/main/AndroidManifest.xml:17:9-35
32        android:testOnly="true"
33        android:theme="@style/Theme.CameraX" >
33-->src/main/AndroidManifest.xml:18:9-45
34        <activity
34-->src/main/AndroidManifest.xml:19:9-29:20
35            android:name="com.cuongtd.camerax.MainActivity"
35-->src/main/AndroidManifest.xml:20:13-41
36            android:exported="true"
36-->src/main/AndroidManifest.xml:21:13-36
37            android:label="@string/app_name"
37-->src/main/AndroidManifest.xml:22:13-45
38            android:theme="@style/Theme.CameraX.NoActionBar" >
38-->src/main/AndroidManifest.xml:23:13-61
39            <intent-filter>
39-->src/main/AndroidManifest.xml:24:13-28:29
40                <action android:name="android.intent.action.MAIN" />
40-->src/main/AndroidManifest.xml:25:17-69
40-->src/main/AndroidManifest.xml:25:25-66
41
42                <category android:name="android.intent.category.LAUNCHER" />
42-->src/main/AndroidManifest.xml:27:17-77
42-->src/main/AndroidManifest.xml:27:27-74
43            </intent-filter>
44        </activity>
45        <activity
45-->[androidx.compose.ui:ui-tooling:1.0.0-beta01] AndroidManifest.xml:25:9-27:39
46            android:name="androidx.compose.ui.tooling.preview.PreviewActivity"
46-->[androidx.compose.ui:ui-tooling:1.0.0-beta01] AndroidManifest.xml:26:13-79
47            android:exported="true" />
47-->[androidx.compose.ui:ui-tooling:1.0.0-beta01] AndroidManifest.xml:27:13-36
48        <activity android:name="androidx.compose.ui.tooling.data.TestActivity" />
48-->[androidx.compose.ui:ui-tooling-data:1.0.0-beta01] AndroidManifest.xml:25:9-82
48-->[androidx.compose.ui:ui-tooling-data:1.0.0-beta01] AndroidManifest.xml:25:19-79
49
50        <uses-library
50-->[androidx.camera:camera-extensions:1.0.0-alpha23] AndroidManifest.xml:31:9-33:40
51            android:name="androidx.camera.extensions.impl"
51-->[androidx.camera:camera-extensions:1.0.0-alpha23] AndroidManifest.xml:32:13-59
52            android:required="false" />
52-->[androidx.camera:camera-extensions:1.0.0-alpha23] AndroidManifest.xml:33:13-37
53    </application>
54
55</manifest>